[2025-12-26 17:25:59] Green light for Road A
[2025-12-26 17:25:59] Road A served 0 vehicles
[2025-12-26 17:26:00] Green light for Road B
[2025-12-26 17:26:00] Road B served 0 vehicles
[2025-12-26 17:26:01] Green light for Road C
[2025-12-26 17:26:01] Road C served 0 vehicles
[2025-12-26 17:26:02] Green light for Road D
[2025-12-26 17:26:02] Road D served 0 vehicles
[2025-12-26 17:26:03] Green light for Road A
[2025-12-26 17:26:03] Road A served 0 vehicles
[2025-12-26 17:26:04] Green light for Road B
[2025-12-26 17:26:04] Road B served 0 vehicles
[2025-12-26 17:26:05] Green light for Road C
[2025-12-26 17:26:05] Road C served 0 vehicles
[2025-12-26 17:26:06] Green light for Road D
[2025-12-26 17:26:06] Road D served 0 vehicles
[2025-12-26 17:26:07] Green light for Road A
[2025-12-26 17:26:07] Road A served 0 vehicles
[2025-12-26 17:26:08] Green light for Road B
[2025-12-26 17:26:08] Road B served 0 vehicles
[2025-12-26 17:26:09] Green light for Road C
[2025-12-26 17:26:09] Road C served 0 vehicles
[2025-12-26 17:26:10] Green light for Road D
[2025-12-26 17:26:10] Road D served 0 vehicles
[2025-12-26 17:26:11] Green light for Road A
[2025-12-26 17:26:11] Road A served 0 vehicles
[2025-12-26 17:26:12] Green light for Road B
[2025-12-26 17:26:12] Road B served 0 vehicles
[2025-12-26 17:26:13] Green light for Road C
[2025-12-26 17:26:13] Road C served 0 vehicles
[2025-12-26 17:26:14] Green light for Road D
[2025-12-26 17:26:14] Road D served 0 vehicles
[2025-12-26 17:26:15] Green light for Road A
[2025-12-26 17:26:15] Road A served 0 vehicles
[2025-12-26 17:26:16] Green light for Road B
[2025-12-26 17:26:16] Road B served 0 vehicles
[2025-12-26 17:26:17] Green light for Road C
[2025-12-26 17:26:17] Road C served 0 vehicles
[2025-12-26 17:26:18] Green light for Road D
[2025-12-26 17:26:18] Road D served 0 vehicles
[2025-12-26 17:26:19] Green light for Road A
[2025-12-26 17:26:19] Road A served 0 vehicles
[2025-12-26 17:26:20] Green light for Road B
[2025-12-26 17:26:20] Road B served 0 vehicles
[2025-12-26 17:26:21] Green light for Road C
[2025-12-26 17:26:21] Road C served 0 vehicles
[2025-12-26 17:26:22] Green light for Road D
[2025-12-26 17:26:22] Road D served 0 vehicles
[2025-12-26 17:26:23] Green light for Road A
[2025-12-26 17:26:23] Road A served 0 vehicles
[2025-12-26 17:26:24] Green light for Road B
[2025-12-26 17:26:24] Road B served 0 vehicles
[2025-12-26 17:26:25] Green light for Road C
[2025-12-26 17:26:25] Road C served 0 vehicles
[2025-12-26 17:26:26] Green light for Road D
[2025-12-26 17:26:26] Road D served 0 vehicles
[2025-12-26 17:26:27] Green light for Road A
[2025-12-26 17:26:27] Road A served 0 vehicles
[2025-12-26 17:26:28] Green light for Road B
[2025-12-26 17:26:28] Road B served 0 vehicles
[2025-12-26 17:26:29] Green light for Road C
[2025-12-26 17:26:29] Road C served 0 vehicles
[2025-12-26 17:26:30] Green light for Road D
[2025-12-26 17:26:30] Road D served 0 vehicles
[2025-12-26 17:26:31] Green light for Road A
[2025-12-26 17:26:31] Road A served 0 vehicles
[2025-12-26 17:26:32] Green light for Road B
[2025-12-26 17:26:32] Road B served 0 vehicles
[2025-12-26 17:26:33] Green light for Road C
[2025-12-26 17:26:33] Road C served 0 vehicles
[2025-12-26 17:26:34] Green light for Road D
[2025-12-26 17:26:34] Road D served 0 vehicles
[2025-12-26 17:26:35] Green light for Road A
[2025-12-26 17:26:35] Road A served 0 vehicles
[2025-12-26 17:26:36] Green light for Road B
[2025-12-26 17:26:36] Road B served 0 vehicles
[2025-12-26 17:26:37] Green light for Road C
[2025-12-26 17:26:37] Road C served 0 vehicles
[2025-12-26 17:26:38] Green light for Road D
[2025-12-26 17:26:38] Road D served 0 vehicles
[2025-12-26 17:26:39] Green light for Road A
[2025-12-26 17:26:39] Road A served 0 vehicles
[2025-12-26 17:26:40] Green light for Road B
[2025-12-26 17:26:40] Road B served 0 vehicles
[2025-12-26 17:26:41] Green light for Road C
[2025-12-26 17:26:41] Road C served 0 vehicles
[2025-12-26 17:26:42] Green light for Road D
[2025-12-26 17:26:42] Road D served 0 vehicles
[2025-12-26 17:26:43] Green light for Road A
[2025-12-26 17:26:43] Road A served 0 vehicles
[2025-12-26 17:26:44] Green light for Road B
[2025-12-26 17:26:44] Road B served 0 vehicles
[2025-12-26 17:26:45] Green light for Road C
[2025-12-26 17:26:45] Road C served 0 vehicles
[2025-12-26 17:26:46] Green light for Road D
[2025-12-26 17:26:46] Road D served 0 vehicles
[2025-12-26 17:26:47] Green light for Road A
[2025-12-26 17:26:47] Road A served 0 vehicles
[2025-12-26 17:26:48] Green light for Road B
[2025-12-26 17:26:48] Road B served 0 vehicles
[2025-12-26 17:26:49] Green light for Road C
[2025-12-26 17:26:49] Road C served 0 vehicles
[2025-12-26 17:26:50] Green light for Road D
[2025-12-26 17:26:50] Road D served 0 vehicles
[2025-12-26 17:26:51] Green light for Road A
[2025-12-26 17:26:51] Road A served 0 vehicles
[2025-12-26 17:26:52] Green light for Road B
[2025-12-26 17:26:52] Road B served 0 vehicles
[2025-12-26 17:26:53] Green light for Road C
[2025-12-26 17:26:53] Road C served 0 vehicles
[2025-12-26 17:26:54] Green light for Road D
[2025-12-26 17:26:54] Road D served 0 vehicles
[2025-12-26 17:26:55] Green light for Road A
[2025-12-26 17:26:55] Road A served 0 vehicles
[2025-12-26 17:26:56] Green light for Road B
[2025-12-26 17:26:56] Road B served 0 vehicles
[2025-12-26 17:26:57] Green light for Road C
[2025-12-26 17:26:57] Road C served 0 vehicles
[2025-12-26 17:26:58] Green light for Road D
[2025-12-26 17:26:58] Road D served 0 vehicles
[2025-12-26 17:26:59] Green light for Road A
[2025-12-26 17:26:59] Road A served 0 vehicles
[2025-12-26 17:27:00] Green light for Road B
[2025-12-26 17:27:00] Road B served 0 vehicles
[2025-12-26 17:27:01] Green light for Road C
[2025-12-26 17:27:01] Road C served 0 vehicles
[2025-12-26 17:27:02] Green light for Road D
[2025-12-26 17:27:02] Road D served 0 vehicles
[2025-12-26 17:27:03] Green light for Road A
[2025-12-26 17:27:03] Road A served 0 vehicles
[2025-12-26 17:27:04] Green light for Road B
[2025-12-26 17:27:04] Road B served 0 vehicles
[2025-12-26 17:27:05] Green light for Road C
[2025-12-26 17:27:05] Road C served 0 vehicles
[2025-12-26 17:27:06] Green light for Road D
[2025-12-26 17:27:06] Road D served 0 vehicles
[2025-12-26 17:27:07] Green light for Road A
[2025-12-26 17:27:07] Road A served 0 vehicles
[2025-12-26 17:27:08] Green light for Road B
[2025-12-26 17:27:08] Road B served 0 vehicles
[2025-12-26 17:27:09] Green light for Road C
[2025-12-26 17:27:09] Road C served 0 vehicles
[2025-12-26 17:27:10] Green light for Road D
[2025-12-26 17:27:10] Road D served 0 vehicles
[2025-12-26 17:27:11] Green light for Road A
[2025-12-26 17:27:11] Road A served 0 vehicles
[2025-12-26 17:27:12] Green light for Road B
[2025-12-26 17:27:12] Road B served 0 vehicles
[2025-12-26 17:27:13] Green light for Road C
[2025-12-26 17:27:13] Road C served 0 vehicles
[2025-12-26 17:27:14] Green light for Road D
[2025-12-26 17:27:14] Road D served 0 vehicles
[2025-12-26 17:27:15] Green light for Road A
[2025-12-26 17:27:15] Road A served 0 vehicles
[2025-12-26 17:27:16] Green light for Road B
[2025-12-26 17:27:16] Road B served 0 vehicles
[2025-12-26 17:27:17] Green light for Road C
[2025-12-26 17:27:17] Road C served 0 vehicles
[2025-12-26 17:27:18] Green light for Road D
[2025-12-26 17:27:18] Road D served 0 vehicles
[2025-12-26 17:27:19] Green light for Road A
[2025-12-26 17:27:19] Road A served 0 vehicles
[2025-12-26 17:27:20] Green light for Road B
[2025-12-26 17:27:20] Road B served 0 vehicles
[2025-12-26 17:27:21] Green light for Road C
[2025-12-26 17:27:21] Road C served 0 vehicles
[2025-12-26 17:27:22] Green light for Road D
[2025-12-26 17:27:22] Road D served 0 vehicles
[2025-12-26 17:27:23] Green light for Road A
[2025-12-26 17:27:23] Road A served 0 vehicles
[2025-12-26 17:27:24] Green light for Road B
[2025-12-26 17:27:24] Road B served 0 vehicles
[2025-12-26 17:27:25] Green light for Road C
[2025-12-26 17:27:25] Road C served 0 vehicles
[2025-12-26 17:27:26] Green light for Road D
[2025-12-26 17:27:26] Road D served 0 vehicles
